[22/Jul/2022:08:05:23 +0700] 0:0:0:0:0:0:0:1 GET /test/client2 HTTP/1.1 200 270
[22/Jul/2022:08:05:24 +0700] 0:0:0:0:0:0:0:1 GET /test/client2 HTTP/1.1 200 61
[22/Jul/2022:08:10:34 +0700] 0:0:0:0:0:0:0:1 GET /test/client2 HTTP/1.1 200 161
[22/Jul/2022:08:10:47 +0700] 0:0:0:0:0:0:0:1 GET /test/client2 HTTP/1.1 200 58
[22/Jul/2022:08:22:27 +0700] 0:0:0:0:0:0:0:1 GET /test/client2 HTTP/1.1 200 PostmanRuntime/7.29.0 HTTP/1.1 153
[22/Jul/2022:08:22:40 +0700] 0:0:0:0:0:0:0:1 GET /test/client2 HTTP/1.1 200 PostmanRuntime/7.29.0 HTTP/1.1 65
[22/Jul/2022:08:22:40 +0700] 0:0:0:0:0:0:0:1 GET /test/client2 HTTP/1.1 200 PostmanRuntime/7.29.0 HTTP/1.1 56
[22/Jul/2022:08:24:49 +0700] 0:0:0:0:0:0:0:1 GET /test/client2 HTTP/1.1 200 PostmanRuntime/7.29.0 HTTP/1.1 225
[22/Jul/2022:08:25:38 +0700] 0:0:0:0:0:0:0:1 GET /test/client2 HTTP/1.1 200 PostmanRuntime/7.29.0 HTTP/1.1 163
[22/Jul/2022:08:25:39 +0700] 0:0:0:0:0:0:0:1 GET /test/client2 HTTP/1.1 200 PostmanRuntime/7.29.0 HTTP/1.1 64
[22/Jul/2022:09:37:19 +0700] 0:0:0:0:0:0:0:1 GET /test/client2 HTTP/1.1 200 PostmanRuntime/7.29.0 HTTP/1.1 215
[22/Jul/2022:09:37:22 +0700] 0:0:0:0:0:0:0:1 GET /test/client2 HTTP/1.1 200 PostmanRuntime/7.29.0 HTTP/1.1 61
[22/Jul/2022:09:37:23 +0700] 0:0:0:0:0:0:0:1 GET /test/client2 HTTP/1.1 200 PostmanRuntime/7.29.0 HTTP/1.1 61
[22/Jul/2022:09:41:46 +0700] 0:0:0:0:0:0:0:1 GET /test/client2 HTTP/1.1 200 PostmanRuntime/7.29.0 HTTP/1.1 142
[22/Jul/2022:09:41:47 +0700] 0:0:0:0:0:0:0:1 GET /test/client2 HTTP/1.1 200 PostmanRuntime/7.29.0 HTTP/1.1 61
[22/Jul/2022:09:41:47 +0700] 0:0:0:0:0:0:0:1 GET /test/client2 HTTP/1.1 200 PostmanRuntime/7.29.0 HTTP/1.1 59
[22/Jul/2022:09:53:19 +0700] 0:0:0:0:0:0:0:1 GET /test/client2 HTTP/1.1 200 curl/7.64.1 HTTP/1.1 61
[22/Jul/2022:09:57:04 +0700] 0:0:0:0:0:0:0:1 - 400 - HTTP/1.1 21
[22/Jul/2022:09:57:40 +0700] 0:0:0:0:0:0:0:1 GET /test/client2 HTTP/1.1 200 curl/7.64.1 HTTP/1.1 60
[22/Jul/2022:10:10:37 +0700] 0:0:0:0:0:0:0:1 - 400 - null 0
[22/Jul/2022:10:10:55 +0700] 0:0:0:0:0:0:0:1 GET /test/client2 HTTP/2.0 200 curl/7.64.1 HTTP/2.0 146
[22/Jul/2022:10:11:12 +0700] 0:0:0:0:0:0:0:1 GET /test/client2 HTTP/2.0 200 curl/7.64.1 HTTP/2.0 61
[22/Jul/2022:11:21:47 +0700] 0:0:0:0:0:0:0:1 GET /test/client2 HTTP/2.0 200 curl/7.64.1 HTTP/2.0 152
[22/Jul/2022:11:23:04 +0700] 0:0:0:0:0:0:0:1 GET /test/client2 HTTP/2.0 200 curl/7.64.1 HTTP/2.0 312
[22/Jul/2022:11:25:25 +0700] 0:0:0:0:0:0:0:1 GET /test/client2 HTTP/2.0 200 curl/7.64.1 HTTP/2.0 85
[22/Jul/2022:11:25:47 +0700] 0:0:0:0:0:0:0:1 GET /test/client2 HTTP/2.0 200 curl/7.64.1 HTTP/2.0 60
[22/Jul/2022:11:27:43 +0700] 0:0:0:0:0:0:0:1 GET /test/client2 HTTP/2.0 200 curl/7.64.1 HTTP/2.0 75
[22/Jul/2022:11:29:42 +0700] 0:0:0:0:0:0:0:1 GET /test/client2 HTTP/2.0 200 curl/7.64.1 HTTP/2.0 207
[22/Jul/2022:11:30:58 +0700] 0:0:0:0:0:0:0:1 GET /test/client2 HTTP/2.0 200 curl/7.64.1 HTTP/2.0 78
[22/Jul/2022:11:30:59 +0700] 0:0:0:0:0:0:0:1 GET /test/client2 HTTP/2.0 200 curl/7.64.1 HTTP/2.0 56
[22/Jul/2022:11:31:00 +0700] 0:0:0:0:0:0:0:1 GET /test/client2 HTTP/2.0 200 curl/7.64.1 HTTP/2.0 60
[22/Jul/2022:11:31:01 +0700] 0:0:0:0:0:0:0:1 GET /test/client2 HTTP/2.0 200 curl/7.64.1 HTTP/2.0 60
[22/Jul/2022:11:31:02 +0700] 0:0:0:0:0:0:0:1 GET /test/client2 HTTP/2.0 200 curl/7.64.1 HTTP/2.0 57
[22/Jul/2022:11:31:02 +0700] 0:0:0:0:0:0:0:1 GET /test/client2 HTTP/2.0 200 curl/7.64.1 HTTP/2.0 57
[22/Jul/2022:11:31:03 +0700] 0:0:0:0:0:0:0:1 GET /test/client2 HTTP/2.0 200 curl/7.64.1 HTTP/2.0 60
[22/Jul/2022:11:31:04 +0700] 0:0:0:0:0:0:0:1 GET /test/client2 HTTP/2.0 200 curl/7.64.1 HTTP/2.0 58
[22/Jul/2022:11:32:51 +0700] 0:0:0:0:0:0:0:1 GET /test/client2 HTTP/2.0 200 curl/7.64.1 HTTP/2.0 333
[22/Jul/2022:11:32:54 +0700] 0:0:0:0:0:0:0:1 GET /test/client2 HTTP/2.0 200 curl/7.64.1 HTTP/2.0 62
[22/Jul/2022:11:32:56 +0700] 0:0:0:0:0:0:0:1 GET /test/client2 HTTP/2.0 200 curl/7.64.1 HTTP/2.0 61
[22/Jul/2022:11:32:57 +0700] 0:0:0:0:0:0:0:1 GET /test/client2 HTTP/2.0 200 curl/7.64.1 HTTP/2.0 57
[22/Jul/2022:11:32:58 +0700] 0:0:0:0:0:0:0:1 GET /test/client2 HTTP/2.0 200 curl/7.64.1 HTTP/2.0 61
[22/Jul/2022:11:32:59 +0700] 0:0:0:0:0:0:0:1 GET /test/client2 HTTP/2.0 200 curl/7.64.1 HTTP/2.0 57
[22/Jul/2022:11:33:00 +0700] 0:0:0:0:0:0:0:1 GET /test/client2 HTTP/2.0 200 curl/7.64.1 HTTP/2.0 60
[22/Jul/2022:11:33:00 +0700] 0:0:0:0:0:0:0:1 GET /test/client2 HTTP/2.0 200 curl/7.64.1 HTTP/2.0 61
[22/Jul/2022:11:33:01 +0700] 0:0:0:0:0:0:0:1 GET /test/client2 HTTP/2.0 200 curl/7.64.1 HTTP/2.0 57
[22/Jul/2022:11:33:02 +0700] 0:0:0:0:0:0:0:1 GET /test/client2 HTTP/2.0 200 curl/7.64.1 HTTP/2.0 59
[22/Jul/2022:11:33:12 +0700] 0:0:0:0:0:0:0:1 GET /test/client2 HTTP/2.0 200 curl/7.64.1 HTTP/2.0 60
[22/Jul/2022:11:33:17 +0700] 0:0:0:0:0:0:0:1 - 400 - null 0
[22/Jul/2022:11:33:25 +0700] 0:0:0:0:0:0:0:1 GET /test/client2 HTTP/2.0 200 curl/7.64.1 HTTP/2.0 58
[22/Jul/2022:11:35:12 +0700] 0:0:0:0:0:0:0:1 GET /test/client2 HTTP/2.0 200 curl/7.64.1 HTTP/2.0 83
[22/Jul/2022:11:35:17 +0700] 0:0:0:0:0:0:0:1 - 400 - null 0
[22/Jul/2022:11:35:17 +0700] 0:0:0:0:0:0:0:1 - 400 - null 0
[22/Jul/2022:11:35:24 +0700] 0:0:0:0:0:0:0:1 - 400 - null 0
[22/Jul/2022:11:35:24 +0700] 0:0:0:0:0:0:0:1 GET /test/client2 HTTP/1.1 200 PostmanRuntime/7.29.0 HTTP/1.1 66
[22/Jul/2022:11:35:25 +0700] 0:0:0:0:0:0:0:1 GET /test/client2 HTTP/1.1 200 PostmanRuntime/7.29.0 HTTP/1.1 61
[22/Jul/2022:11:35:26 +0700] 0:0:0:0:0:0:0:1 GET /test/client2 HTTP/1.1 200 PostmanRuntime/7.29.0 HTTP/1.1 59
[22/Jul/2022:11:35:26 +0700] 0:0:0:0:0:0:0:1 GET /test/client2 HTTP/1.1 200 PostmanRuntime/7.29.0 HTTP/1.1 58
[22/Jul/2022:11:35:27 +0700] 0:0:0:0:0:0:0:1 GET /test/client2 HTTP/1.1 200 PostmanRuntime/7.29.0 HTTP/1.1 62
[22/Jul/2022:11:35:28 +0700] 0:0:0:0:0:0:0:1 GET /test/client2 HTTP/1.1 200 PostmanRuntime/7.29.0 HTTP/1.1 57
[22/Jul/2022:11:35:28 +0700] 0:0:0:0:0:0:0:1 GET /test/client2 HTTP/1.1 200 PostmanRuntime/7.29.0 HTTP/1.1 59
[22/Jul/2022:11:35:29 +0700] 0:0:0:0:0:0:0:1 GET /test/client2 HTTP/1.1 200 PostmanRuntime/7.29.0 HTTP/1.1 56
[22/Jul/2022:11:35:30 +0700] 0:0:0:0:0:0:0:1 GET /test/client2 HTTP/1.1 200 PostmanRuntime/7.29.0 HTTP/1.1 59
